Script started on 2020-11-13 12:24:34-08:00 [TERM="xterm-256color" TTY="/dev/pts/0" COLUMNS="120" LINES="30"]
$ python3 graph.py
--------------------        Step 1        --------------------
G: [(number, [bits])]
[(0, [0, 0, 0, 0, 0]),
 (1, [0, 0, 0, 0, 1]),
 (2, [0, 0, 0, 1, 0]),
 (3, [0, 0, 0, 1, 1]),
 (4, [0, 0, 1, 0, 0]),
 (5, [0, 0, 1, 0, 1]),
 (6, [0, 0, 1, 1, 0]),
 (7, [0, 0, 1, 1, 1]),
 (8, [0, 1, 0, 0, 0]),
 (9, [0, 1, 0, 0, 1]),
 (10, [0, 1, 0, 1, 0]),
 (11, [0, 1, 0, 1, 1]),
 (12, [0, 1, 1, 0, 0]),
 (13, [0, 1, 1, 0, 1]),
 (14, [0, 1, 1, 1, 0]),
 (15, [0, 1, 1, 1, 1]),
 (16, [1, 0, 0, 0, 0]),
 (17, [1, 0, 0, 0, 1]),
 (18, [1, 0, 0, 1, 0]),
 (19, [1, 0, 0, 1, 1]),
 (20, [1, 0, 1, 0, 0]),
 (21, [1, 0, 1, 0, 1]),
 (22, [1, 0, 1, 1, 0]),
 (23, [1, 0, 1, 1, 1]),
 (24, [1, 1, 0, 0, 0]),
 (25, [1, 1, 0, 0, 1]),
 (26, [1, 1, 0, 1, 0]),
 (27, [1, 1, 0, 1, 1]),
 (28, [1, 1, 1, 0, 0]),
 (29, [1, 1, 1, 0, 1]),
 (30, [1, 1, 1, 1, 0]),
 (31, [1, 1, 1, 1, 1])]
--------------------        Step 2        --------------------
G_Edges: [ 5 bits of i + 5 bits of j ]
[[0, 0, 0, 0, 0, 0, 0, 0, 1, 1],
 [0, 0, 0, 0, 0, 0, 1, 0, 0, 0],
 [0, 0, 0, 0, 1, 0, 0, 1, 0, 0],
 [0, 0, 0, 0, 1, 0, 1, 0, 0, 1],
 [0, 0, 0, 1, 0, 0, 0, 1, 0, 1],
 [0, 0, 0, 1, 0, 0, 1, 0, 1, 0],
 [0, 0, 0, 1, 1, 0, 0, 1, 1, 0],
 [0, 0, 0, 1, 1, 0, 1, 0, 1, 1],
 [0, 0, 1, 0, 0, 0, 0, 1, 1, 1],
 [0, 0, 1, 0, 0, 0, 1, 1, 0, 0],
 [0, 0, 1, 0, 1, 0, 1, 0, 0, 0],
 [0, 0, 1, 0, 1, 0, 1, 1, 0, 1],
 [0, 0, 1, 1, 0, 0, 1, 0, 0, 1],
 [0, 0, 1, 1, 0, 0, 1, 1, 1, 0],
 [0, 0, 1, 1, 1, 0, 1, 0, 1, 0],
 [0, 0, 1, 1, 1, 0, 1, 1, 1, 1],
 [0, 1, 0, 0, 0, 0, 1, 0, 1, 1],
 [0, 1, 0, 0, 0, 1, 0, 0, 0, 0],
 [0, 1, 0, 0, 1, 0, 1, 1, 0, 0],
 [0, 1, 0, 0, 1, 1, 0, 0, 0, 1],
 [0, 1, 0, 1, 0, 0, 1, 1, 0, 1],
 [0, 1, 0, 1, 0, 1, 0, 0, 1, 0],
 [0, 1, 0, 1, 1, 0, 1, 1, 1, 0],
 [0, 1, 0, 1, 1, 1, 0, 0, 1, 1],
 [0, 1, 1, 0, 0, 0, 1, 1, 1, 1],
 [0, 1, 1, 0, 0, 1, 0, 1, 0, 0],
 [0, 1, 1, 0, 1, 1, 0, 0, 0, 0],
 [0, 1, 1, 0, 1, 1, 0, 1, 0, 1],
 [0, 1, 1, 1, 0, 1, 0, 0, 0, 1],
 [0, 1, 1, 1, 0, 1, 0, 1, 1, 0],
 [0, 1, 1, 1, 1, 1, 0, 0, 1, 0],
 [0, 1, 1, 1, 1, 1, 0, 1, 1, 1],
 [1, 0, 0, 0, 0, 1, 0, 0, 1, 1],
 [1, 0, 0, 0, 0, 1, 1, 0, 0, 0],
 [1, 0, 0, 0, 1, 1, 0, 1, 0, 0],
 [1, 0, 0, 0, 1, 1, 1, 0, 0, 1],
 [1, 0, 0, 1, 0, 1, 0, 1, 0, 1],
 [1, 0, 0, 1, 0, 1, 1, 0, 1, 0],
 [1, 0, 0, 1, 1, 1, 0, 1, 1, 0],
 [1, 0, 0, 1, 1, 1, 1, 0, 1, 1],
 [1, 0, 1, 0, 0, 1, 0, 1, 1, 1],
 [1, 0, 1, 0, 0, 1, 1, 1, 0, 0],
 [1, 0, 1, 0, 1, 1, 1, 0, 0, 0],
 [1, 0, 1, 0, 1, 1, 1, 1, 0, 1],
 [1, 0, 1, 1, 0, 1, 1, 0, 0, 1],
 [1, 0, 1, 1, 0, 1, 1, 1, 1, 0],
 [1, 0, 1, 1, 1, 1, 1, 0, 1, 0],
 [1, 0, 1, 1, 1, 1, 1, 1, 1, 1],
 [1, 1, 0, 0, 0, 0, 0, 0, 0, 0],
 [1, 1, 0, 0, 0, 1, 1, 0, 1, 1],
 [1, 1, 0, 0, 1, 0, 0, 0, 0, 1],
 [1, 1, 0, 0, 1, 1, 1, 1, 0, 0],
 [1, 1, 0, 1, 0, 0, 0, 0, 1, 0],
 [1, 1, 0, 1, 0, 1, 1, 1, 0, 1],
 [1, 1, 0, 1, 1, 0, 0, 0, 1, 1],
 [1, 1, 0, 1, 1, 1, 1, 1, 1, 0],
 [1, 1, 1, 0, 0, 0, 0, 1, 0, 0],
 [1, 1, 1, 0, 0, 1, 1, 1, 1, 1],
 [1, 1, 1, 0, 1, 0, 0, 0, 0, 0],
 [1, 1, 1, 0, 1, 0, 0, 1, 0, 1],
 [1, 1, 1, 1, 0, 0, 0, 0, 0, 1],
 [1, 1, 1, 1, 0, 0, 0, 1, 1, 0],
 [1, 1, 1, 1, 1, 0, 0, 0, 1, 0],
 [1, 1, 1, 1, 1, 0, 0, 1, 1, 1]]
primes:
[[0, 0, 0, 1, 1],
 [0, 0, 1, 0, 1],
 [0, 0, 1, 1, 1],
 [0, 1, 0, 1, 1],
 [0, 1, 1, 0, 1],
 [1, 0, 0, 0, 1],
 [1, 0, 0, 1, 1],
 [1, 0, 1, 1, 1],
 [1, 1, 1, 0, 1],
 [1, 1, 1, 1, 1]]
evens:
[[0, 0, 0, 0, 0],
 [0, 0, 0, 1, 0],
 [0, 0, 1, 0, 0],
 [0, 0, 1, 1, 0],
 [0, 1, 0, 0, 0],
 [0, 1, 0, 1, 0],
 [0, 1, 1, 0, 0],
 [0, 1, 1, 1, 0],
 [1, 0, 0, 0, 0],
 [1, 0, 0, 1, 0],
 [1, 0, 1, 0, 0],
 [1, 0, 1, 1, 0],
 [1, 1, 0, 0, 0],
 [1, 1, 0, 1, 0],
 [1, 1, 1, 0, 0],
 [1, 1, 1, 1, 0]]
--------------------        Step 3        --------------------
made bdds
--------------------        Step 4        --------------------
bdds_together: long string bdd for entire equation
('(~x1 & ~x2 & ~x3 & ~x4 & ~x5 & ~y1 & ~y2 & ~y3 & y4 & y5) | (~x1 & ~x2 & ~x3 '
 '& ~x4 & ~x5 & ~y1 & y2 & ~y3 & ~y4 & ~y5) | (~x1 & ~x2 & ~x3 & ~x4 & x5 & '
 '~y1 & ~y2 & y3 & ~y4 & ~y5) | (~x1 & ~x2 & ~x3 & ~x4 & x5 & ~y1 & y2 & ~y3 & '
 '~y4 & y5) | (~x1 & ~x2 & ~x3 & x4 & ~x5 & ~y1 & ~y2 & y3 & ~y4 & y5) | (~x1 '
 '& ~x2 & ~x3 & x4 & ~x5 & ~y1 & y2 & ~y3 & y4 & ~y5) | (~x1 & ~x2 & ~x3 & x4 '
 '& x5 & ~y1 & ~y2 & y3 & y4 & ~y5) | (~x1 & ~x2 & ~x3 & x4 & x5 & ~y1 & y2 & '
 '~y3 & y4 & y5) | (~x1 & ~x2 & x3 & ~x4 & ~x5 & ~y1 & ~y2 & y3 & y4 & y5) | '
 '(~x1 & ~x2 & x3 & ~x4 & ~x5 & ~y1 & y2 & y3 & ~y4 & ~y5) | (~x1 & ~x2 & x3 & '
 '~x4 & x5 & ~y1 & y2 & ~y3 & ~y4 & ~y5) | (~x1 & ~x2 & x3 & ~x4 & x5 & ~y1 & '
 'y2 & y3 & ~y4 & y5) | (~x1 & ~x2 & x3 & x4 & ~x5 & ~y1 & y2 & ~y3 & ~y4 & '
 'y5) | (~x1 & ~x2 & x3 & x4 & ~x5 & ~y1 & y2 & y3 & y4 & ~y5) | (~x1 & ~x2 & '
 'x3 & x4 & x5 & ~y1 & y2 & ~y3 & y4 & ~y5) | (~x1 & ~x2 & x3 & x4 & x5 & ~y1 '
 '& y2 & y3 & y4 & y5) | (~x1 & x2 & ~x3 & ~x4 & ~x5 & ~y1 & y2 & ~y3 & y4 & '
 'y5) | (~x1 & x2 & ~x3 & ~x4 & ~x5 & y1 & ~y2 & ~y3 & ~y4 & ~y5) | (~x1 & x2 '
 '& ~x3 & ~x4 & x5 & ~y1 & y2 & y3 & ~y4 & ~y5) | (~x1 & x2 & ~x3 & ~x4 & x5 & '
 'y1 & ~y2 & ~y3 & ~y4 & y5) | (~x1 & x2 & ~x3 & x4 & ~x5 & ~y1 & y2 & y3 & '
 '~y4 & y5) | (~x1 & x2 & ~x3 & x4 & ~x5 & y1 & ~y2 & ~y3 & y4 & ~y5) | (~x1 & '
 'x2 & ~x3 & x4 & x5 & ~y1 & y2 & y3 & y4 & ~y5) | (~x1 & x2 & ~x3 & x4 & x5 & '
 'y1 & ~y2 & ~y3 & y4 & y5) | (~x1 & x2 & x3 & ~x4 & ~x5 & ~y1 & y2 & y3 & y4 '
 '& y5) | (~x1 & x2 & x3 & ~x4 & ~x5 & y1 & ~y2 & y3 & ~y4 & ~y5) | (~x1 & x2 '
 '& x3 & ~x4 & x5 & y1 & ~y2 & ~y3 & ~y4 & ~y5) | (~x1 & x2 & x3 & ~x4 & x5 & '
 'y1 & ~y2 & y3 & ~y4 & y5) | (~x1 & x2 & x3 & x4 & ~x5 & y1 & ~y2 & ~y3 & ~y4 '
 '& y5) | (~x1 & x2 & x3 & x4 & ~x5 & y1 & ~y2 & y3 & y4 & ~y5) | (~x1 & x2 & '
 'x3 & x4 & x5 & y1 & ~y2 & ~y3 & y4 & ~y5) | (~x1 & x2 & x3 & x4 & x5 & y1 & '
 '~y2 & y3 & y4 & y5) | (x1 & ~x2 & ~x3 & ~x4 & ~x5 & y1 & ~y2 & ~y3 & y4 & '
 'y5) | (x1 & ~x2 & ~x3 & ~x4 & ~x5 & y1 & y2 & ~y3 & ~y4 & ~y5) | (x1 & ~x2 & '
 '~x3 & ~x4 & x5 & y1 & ~y2 & y3 & ~y4 & ~y5) | (x1 & ~x2 & ~x3 & ~x4 & x5 & '
 'y1 & y2 & ~y3 & ~y4 & y5) | (x1 & ~x2 & ~x3 & x4 & ~x5 & y1 & ~y2 & y3 & ~y4 '
 '& y5) | (x1 & ~x2 & ~x3 & x4 & ~x5 & y1 & y2 & ~y3 & y4 & ~y5) | (x1 & ~x2 & '
 '~x3 & x4 & x5 & y1 & ~y2 & y3 & y4 & ~y5) | (x1 & ~x2 & ~x3 & x4 & x5 & y1 & '
 'y2 & ~y3 & y4 & y5) | (x1 & ~x2 & x3 & ~x4 & ~x5 & y1 & ~y2 & y3 & y4 & y5) '
 '| (x1 & ~x2 & x3 & ~x4 & ~x5 & y1 & y2 & y3 & ~y4 & ~y5) | (x1 & ~x2 & x3 & '
 '~x4 & x5 & y1 & y2 & ~y3 & ~y4 & ~y5) | (x1 & ~x2 & x3 & ~x4 & x5 & y1 & y2 '
 '& y3 & ~y4 & y5) | (x1 & ~x2 & x3 & x4 & ~x5 & y1 & y2 & ~y3 & ~y4 & y5) | '
 '(x1 & ~x2 & x3 & x4 & ~x5 & y1 & y2 & y3 & y4 & ~y5) | (x1 & ~x2 & x3 & x4 & '
 'x5 & y1 & y2 & ~y3 & y4 & ~y5) | (x1 & ~x2 & x3 & x4 & x5 & y1 & y2 & y3 & '
 'y4 & y5) | (x1 & x2 & ~x3 & ~x4 & ~x5 & ~y1 & ~y2 & ~y3 & ~y4 & ~y5) | (x1 & '
 'x2 & ~x3 & ~x4 & ~x5 & y1 & y2 & ~y3 & y4 & y5) | (x1 & x2 & ~x3 & ~x4 & x5 '
 '& ~y1 & ~y2 & ~y3 & ~y4 & y5) | (x1 & x2 & ~x3 & ~x4 & x5 & y1 & y2 & y3 & '
 '~y4 & ~y5) | (x1 & x2 & ~x3 & x4 & ~x5 & ~y1 & ~y2 & ~y3 & y4 & ~y5) | (x1 & '
 'x2 & ~x3 & x4 & ~x5 & y1 & y2 & y3 & ~y4 & y5) | (x1 & x2 & ~x3 & x4 & x5 & '
 '~y1 & ~y2 & ~y3 & y4 & y5) | (x1 & x2 & ~x3 & x4 & x5 & y1 & y2 & y3 & y4 & '
 '~y5) | (x1 & x2 & x3 & ~x4 & ~x5 & ~y1 & ~y2 & y3 & ~y4 & ~y5) | (x1 & x2 & '
 'x3 & ~x4 & ~x5 & y1 & y2 & y3 & y4 & y5) | (x1 & x2 & x3 & ~x4 & x5 & ~y1 & '
 '~y2 & ~y3 & ~y4 & ~y5) | (x1 & x2 & x3 & ~x4 & x5 & ~y1 & ~y2 & y3 & ~y4 & '
 'y5) | (x1 & x2 & x3 & x4 & ~x5 & ~y1 & ~y2 & ~y3 & ~y4 & y5) | (x1 & x2 & x3 '
 '& x4 & ~x5 & ~y1 & ~y2 & y3 & y4 & ~y5) | (x1 & x2 & x3 & x4 & x5 & ~y1 & '
 '~y2 & ~y3 & y4 & ~y5) | (x1 & x2 & x3 & x4 & x5 & ~y1 & ~y2 & y3 & y4 & y5)')
--------------------       Step 4'        --------------------
p_bdds: like bdds_together
('(~x1 & ~x2 & ~x3 & x4 & x5) | (~x1 & ~x2 & x3 & ~x4 & x5) | (~x1 & ~x2 & x3 '
 '& x4 & x5) | (~x1 & x2 & ~x3 & x4 & x5) | (~x1 & x2 & x3 & ~x4 & x5) | (x1 & '
 '~x2 & ~x3 & ~x4 & x5) | (x1 & ~x2 & ~x3 & x4 & x5) | (x1 & ~x2 & x3 & x4 & '
 'x5) | (x1 & x2 & x3 & ~x4 & x5) | (x1 & x2 & x3 & x4 & x5)')
e_bdds: like bdds_together
('(~y1 & ~y2 & ~y3 & ~y4) | (~y1 & ~y2 & ~y3 & y4) | (~y1 & ~y2 & y3 & ~y4) | '
 '(~y1 & ~y2 & y3 & y4) | (~y1 & y2 & ~y3 & ~y4) | (~y1 & y2 & ~y3 & y4) | '
 '(~y1 & y2 & y3 & ~y4) | (~y1 & y2 & y3 & y4) | (y1 & ~y2 & ~y3 & ~y4) | (y1 '
 '& ~y2 & ~y3 & y4) | (y1 & ~y2 & y3 & ~y4) | (y1 & ~y2 & y3 & y4) | (y1 & y2 '
 '& ~y3 & ~y4) | (y1 & y2 & ~y3 & y4) | (y1 & y2 & y3 & ~y4) | (y1 & y2 & y3 & '
 'y4)')
--------------------        Step 5        --------------------
Made expression Tree and made variables
--------------------       Step 5'        --------------------
Made expression trees for primes and evens
--------------------        Step 6        --------------------
Made RR2
--------------------        Step 7        --------------------
Made rr2p
--------------------        Step 8        --------------------
QQ equivalent to bdd true?  True
$ exit

Script done on 2020-11-13 12:24:40-08:00 [COMMAND_EXIT_CODE="0"]
